Detecting CXX compiler ABI info failed to compile with the following output:
Change Dir: /mnt/d/GitHub/ForwardDev_TestCase_Jun/build/CMakeFiles/CMakeTmp

Run Build Command(s):/usr/bin/gmake -f Makefile cmTC_bb4d9/fast && /usr/bin/gmake  -f CMakeFiles/cmTC_bb4d9.dir/build.make CMakeFiles/cmTC_bb4d9.dir/build
gmake[1]: Entering directory '/mnt/d/GitHub/ForwardDev_TestCase_Jun/build/CMakeFiles/CMakeTmp'
Building CXX object CMakeFiles/cmTC_bb4d9.dir/CMakeCXXCompilerABI.cpp.o
/mnt/c/msys64/mingw64/bin/clang++.exe   -v -MD -MT CMakeFiles/cmTC_bb4d9.dir/CMakeCXXCompilerABI.cpp.o -MF CMakeFiles/cmTC_bb4d9.dir/CMakeCXXCompilerABI.cpp.o.d -o CMakeFiles/cmTC_bb4d9.dir/CMakeCXXCompilerABI.cpp.o -c /usr/share/cmake-3.22/Modules/CMakeCXXCompilerABI.cpp
clang version 16.0.1
Target: x86_64-w64-windows-gnu
Thread model: posix
InstalledDir: C:/msys64/mingw64/bin
clang++: error: no such file or directory: '/usr/share/cmake-3.22/Modules/CMakeCXXCompilerABI.cpp'
gmake[1]: *** [CMakeFiles/cmTC_bb4d9.dir/build.make:79: CMakeFiles/cmTC_bb4d9.dir/CMakeCXXCompilerABI.cpp.o] Error 1
gmake[1]: Leaving directory '/mnt/d/GitHub/ForwardDev_TestCase_Jun/build/CMakeFiles/CMakeTmp'
gmake: *** [Makefile:127: cmTC_bb4d9/fast] Error 2




Determining if the CXX compiler works failed with the following output:
Change Dir: /mnt/d/GitHub/ForwardDev_TestCase_Jun/build/CMakeFiles/CMakeTmp

Run Build Command(s):/usr/bin/gmake -f Makefile cmTC_3a6bf/fast && /usr/bin/gmake  -f CMakeFiles/cmTC_3a6bf.dir/build.make CMakeFiles/cmTC_3a6bf.dir/build
gmake[1]: Entering directory '/mnt/d/GitHub/ForwardDev_TestCase_Jun/build/CMakeFiles/CMakeTmp'
Building CXX object CMakeFiles/cmTC_3a6bf.dir/testCXXCompiler.cxx.o
/mnt/c/msys64/mingw64/bin/clang++.exe    -MD -MT CMakeFiles/cmTC_3a6bf.dir/testCXXCompiler.cxx.o -MF CMakeFiles/cmTC_3a6bf.dir/testCXXCompiler.cxx.o.d -o CMakeFiles/cmTC_3a6bf.dir/testCXXCompiler.cxx.o -c /mnt/d/GitHub/ForwardDev_TestCase_Jun/build/CMakeFiles/CMakeTmp/testCXXCompiler.cxx
clang++: error: no such file or directory: '/mnt/d/GitHub/ForwardDev_TestCase_Jun/build/CMakeFiles/CMakeTmp/testCXXCompiler.cxx'
clang++: error: no input files
gmake[1]: *** [CMakeFiles/cmTC_3a6bf.dir/build.make:79: CMakeFiles/cmTC_3a6bf.dir/testCXXCompiler.cxx.o] Error 1
gmake[1]: Leaving directory '/mnt/d/GitHub/ForwardDev_TestCase_Jun/build/CMakeFiles/CMakeTmp'
gmake: *** [Makefile:127: cmTC_3a6bf/fast] Error 2



Detecting CXX compiler ABI info failed to compile with the following output:
Change Dir: /mnt/d/GitHub/ForwardDev_TestCase_Jun/build/CMakeFiles/CMakeTmp

Run Build Command(s):/usr/bin/gmake -f Makefile cmTC_c244d/fast && /usr/bin/gmake  -f CMakeFiles/cmTC_c244d.dir/build.make CMakeFiles/cmTC_c244d.dir/build
gmake[1]: Entering directory '/mnt/d/GitHub/ForwardDev_TestCase_Jun/build/CMakeFiles/CMakeTmp'
Building CXX object CMakeFiles/cmTC_c244d.dir/CMakeCXXCompilerABI.cpp.o
/mnt/c/msys64/mingw64/bin/clang++.exe   -v -MD -MT CMakeFiles/cmTC_c244d.dir/CMakeCXXCompilerABI.cpp.o -MF CMakeFiles/cmTC_c244d.dir/CMakeCXXCompilerABI.cpp.o.d -o CMakeFiles/cmTC_c244d.dir/CMakeCXXCompilerABI.cpp.o -c /usr/share/cmake-3.22/Modules/CMakeCXXCompilerABI.cpp
clang version 16.0.1
Target: x86_64-w64-windows-gnu
Thread model: posix
InstalledDir: C:/msys64/mingw64/bin
clang++: error: no such file or directory: '/usr/share/cmake-3.22/Modules/CMakeCXXCompilerABI.cpp'
gmake[1]: *** [CMakeFiles/cmTC_c244d.dir/build.make:79: CMakeFiles/cmTC_c244d.dir/CMakeCXXCompilerABI.cpp.o] Error 1
gmake[1]: Leaving directory '/mnt/d/GitHub/ForwardDev_TestCase_Jun/build/CMakeFiles/CMakeTmp'
gmake: *** [Makefile:127: cmTC_c244d/fast] Error 2




Determining if the CXX compiler works failed with the following output:
Change Dir: /mnt/d/GitHub/ForwardDev_TestCase_Jun/build/CMakeFiles/CMakeTmp

Run Build Command(s):/usr/bin/gmake -f Makefile cmTC_e300e/fast && /usr/bin/gmake  -f CMakeFiles/cmTC_e300e.dir/build.make CMakeFiles/cmTC_e300e.dir/build
gmake[1]: Entering directory '/mnt/d/GitHub/ForwardDev_TestCase_Jun/build/CMakeFiles/CMakeTmp'
Building CXX object CMakeFiles/cmTC_e300e.dir/testCXXCompiler.cxx.o
/mnt/c/msys64/mingw64/bin/clang++.exe    -MD -MT CMakeFiles/cmTC_e300e.dir/testCXXCompiler.cxx.o -MF CMakeFiles/cmTC_e300e.dir/testCXXCompiler.cxx.o.d -o CMakeFiles/cmTC_e300e.dir/testCXXCompiler.cxx.o -c /mnt/d/GitHub/ForwardDev_TestCase_Jun/build/CMakeFiles/CMakeTmp/testCXXCompiler.cxx
clang++: error: no such file or directory: '/mnt/d/GitHub/ForwardDev_TestCase_Jun/build/CMakeFiles/CMakeTmp/testCXXCompiler.cxx'
clang++: error: no input files
gmake[1]: *** [CMakeFiles/cmTC_e300e.dir/build.make:79: CMakeFiles/cmTC_e300e.dir/testCXXCompiler.cxx.o] Error 1
gmake[1]: Leaving directory '/mnt/d/GitHub/ForwardDev_TestCase_Jun/build/CMakeFiles/CMakeTmp'
gmake: *** [Makefile:127: cmTC_e300e/fast] Error 2



Detecting CXX compiler ABI info failed to compile with the following output:
Change Dir: /mnt/d/GitHub/ForwardDev_TestCase_Jun/build/CMakeFiles/CMakeTmp

Run Build Command(s):/usr/bin/gmake -f Makefile cmTC_50534/fast && /usr/bin/gmake  -f CMakeFiles/cmTC_50534.dir/build.make CMakeFiles/cmTC_50534.dir/build
gmake[1]: Entering directory '/mnt/d/GitHub/ForwardDev_TestCase_Jun/build/CMakeFiles/CMakeTmp'
Building CXX object CMakeFiles/cmTC_50534.dir/CMakeCXXCompilerABI.cpp.o
/mnt/c/msys64/mingw64/bin/clang++.exe   -v -MD -MT CMakeFiles/cmTC_50534.dir/CMakeCXXCompilerABI.cpp.o -MF CMakeFiles/cmTC_50534.dir/CMakeCXXCompilerABI.cpp.o.d -o CMakeFiles/cmTC_50534.dir/CMakeCXXCompilerABI.cpp.o -c /usr/share/cmake-3.22/Modules/CMakeCXXCompilerABI.cpp
clang version 16.0.1
Target: x86_64-w64-windows-gnu
Thread model: posix
InstalledDir: C:/msys64/mingw64/bin
clang++: error: no such file or directory: '/usr/share/cmake-3.22/Modules/CMakeCXXCompilerABI.cpp'
gmake[1]: *** [CMakeFiles/cmTC_50534.dir/build.make:79: CMakeFiles/cmTC_50534.dir/CMakeCXXCompilerABI.cpp.o] Error 1
gmake[1]: Leaving directory '/mnt/d/GitHub/ForwardDev_TestCase_Jun/build/CMakeFiles/CMakeTmp'
gmake: *** [Makefile:127: cmTC_50534/fast] Error 2




Determining if the CXX compiler works failed with the following output:
Change Dir: /mnt/d/GitHub/ForwardDev_TestCase_Jun/build/CMakeFiles/CMakeTmp

Run Build Command(s):/usr/bin/gmake -f Makefile cmTC_5214d/fast && /usr/bin/gmake  -f CMakeFiles/cmTC_5214d.dir/build.make CMakeFiles/cmTC_5214d.dir/build
gmake[1]: Entering directory '/mnt/d/GitHub/ForwardDev_TestCase_Jun/build/CMakeFiles/CMakeTmp'
Building CXX object CMakeFiles/cmTC_5214d.dir/testCXXCompiler.cxx.o
/mnt/c/msys64/mingw64/bin/clang++.exe    -MD -MT CMakeFiles/cmTC_5214d.dir/testCXXCompiler.cxx.o -MF CMakeFiles/cmTC_5214d.dir/testCXXCompiler.cxx.o.d -o CMakeFiles/cmTC_5214d.dir/testCXXCompiler.cxx.o -c /mnt/d/GitHub/ForwardDev_TestCase_Jun/build/CMakeFiles/CMakeTmp/testCXXCompiler.cxx
clang++: error: no such file or directory: '/mnt/d/GitHub/ForwardDev_TestCase_Jun/build/CMakeFiles/CMakeTmp/testCXXCompiler.cxx'
clang++: error: no input files
gmake[1]: *** [CMakeFiles/cmTC_5214d.dir/build.make:79: CMakeFiles/cmTC_5214d.dir/testCXXCompiler.cxx.o] Error 1
gmake[1]: Leaving directory '/mnt/d/GitHub/ForwardDev_TestCase_Jun/build/CMakeFiles/CMakeTmp'
gmake: *** [Makefile:127: cmTC_5214d/fast] Error 2



